app/build/intermediates/manifest_merge_blame_file/debug/manifest-merger-blame-debug-report.txt
1<?xml version="1.0" encoding="utf-8"?>
2<manifest xmlns:android="http://schemas.android.com/apk/res/android"
3    package="edu.aku.hassannaqvi.tpvics_hh_shrc"
4    android:installLocation="preferExternal"
5    android:versionCode="2306"
6    android:versionName="2.1" >
7
8    <uses-sdk
9        android:minSdkVersion="23"
9-->src\main\AndroidManifest.xml
10        android:targetSdkVersion="30" />
10-->src\main\AndroidManifest.xml
11
12    <uses-permission android:name="android.permission.ACCESS_FINE_LOCATION" /> <!-- Needed only if your app targets Android 5.0 (API level 21) or higher. -->
12-->src\main\AndroidManifest.xml:7:5-79
12-->src\main\AndroidManifest.xml:7:22-76
13    <uses-feature android:name="android.hardware.location.gps" />
13-->src\main\AndroidManifest.xml:8:5-66
13-->src\main\AndroidManifest.xml:8:19-63
14
15    <uses-permission android:name="android.permission.INTERNET" />
15-->src\main\AndroidManifest.xml:10:5-67
15-->src\main\AndroidManifest.xml:10:22-64
16    <uses-permission android:name="android.permission.ACCESS_NETWORK_STATE" />
16-->src\main\AndroidManifest.xml:11:5-79
16-->src\main\AndroidManifest.xml:11:22-76
17    <uses-permission android:name="android.hardware.location.gps" /> <!-- To auto-complete the email text field in the login form with the user's emails -->
17-->src\main\AndroidManifest.xml:12:5-69
17-->src\main\AndroidManifest.xml:12:22-66
18    <uses-permission android:name="android.permission.GET_ACCOUNTS" />
18-->src\main\AndroidManifest.xml:13:5-71
18-->src\main\AndroidManifest.xml:13:22-68
19    <uses-permission android:name="android.permission.READ_PRIVILEGED_PHONE_STATE" />
19-->src\main\AndroidManifest.xml:14:5-86
19-->src\main\AndroidManifest.xml:14:22-83
20    <uses-permission android:name="android.permission.READ_PROFILE" />
20-->src\main\AndroidManifest.xml:15:5-71
20-->src\main\AndroidManifest.xml:15:22-68
21    <uses-permission android:name="android.permission.READ_CONTACTS" />
21-->src\main\AndroidManifest.xml:16:5-72
21-->src\main\AndroidManifest.xml:16:22-69
22    <uses-permission android:name="android.permission.WRITE_CONTACTS" />
22-->src\main\AndroidManifest.xml:17:5-73
22-->src\main\AndroidManifest.xml:17:22-70
23    <uses-permission android:name="android.permission.WRITE_EXTERNAL_STORAGE" />
23-->src\main\AndroidManifest.xml:18:5-81
23-->src\main\AndroidManifest.xml:18:22-78
24    <uses-permission android:name="android.permission.READ_EXTERNAL_STORAGE" />
24-->src\main\AndroidManifest.xml:19:5-80
24-->src\main\AndroidManifest.xml:19:22-77
25    <uses-permission android:name="android.permission.READ_PHONE_STATE" /> <!-- TakePhoto Permissions -->
25-->src\main\AndroidManifest.xml:20:5-75
25-->src\main\AndroidManifest.xml:20:22-72
26    <uses-permission android:name="android.permission.CAMERA" />
26-->src\main\AndroidManifest.xml:21:5-65
26-->src\main\AndroidManifest.xml:21:22-62
27    <uses-permission android:name="android.permission.WAKE_LOCK" />
27-->src\main\AndroidManifest.xml:22:5-68
27-->src\main\AndroidManifest.xml:22:22-65
28    <uses-permission android:name="android.permission.RECEIVE_BOOT_COMPLETED" />
28-->[androidx.work:work-runtime:2.5.0] AndroidManifest.xml:27:5-81
28-->[androidx.work:work-runtime:2.5.0] AndroidManifest.xml:27:22-78
29    <uses-permission android:name="android.permission.FOREGROUND_SERVICE" />
29-->[androidx.work:work-runtime:2.5.0] AndroidManifest.xml:28:5-77
29-->[androidx.work:work-runtime:2.5.0] AndroidManifest.xml:28:22-74
30
31    <application
31-->src\main\AndroidManifest.xml:24:5-149:19
32        android:name="edu.aku.hassannaqvi.tpvics_hh_shrc.core.MainApp"
32-->src\main\AndroidManifest.xml:25:9-71
33        android:allowBackup="false"
33-->src\main\AndroidManifest.xml:26:9-36
34        android:appComponentFactory="androidx.core.app.CoreComponentFactory"
34-->[androidx.core:core:1.3.1] AndroidManifest.xml:24:18-86
35        android:debuggable="true"
36        android:extractNativeLibs="false"
37        android:icon="@drawable/tpvics_logo2"
37-->src\main\AndroidManifest.xml:27:9-46
38        android:label="@string/app_name"
38-->src\main\AndroidManifest.xml:28:9-41
39        android:screenOrientation="portrait"
39-->src\main\AndroidManifest.xml:29:9-45
40        android:supportsRtl="true"
40-->src\main\AndroidManifest.xml:30:9-35
41        android:testOnly="true"
42        android:theme="@style/AppTheme1"
42-->src\main\AndroidManifest.xml:31:9-41
43        android:usesCleartextTraffic="true" >
43-->src\main\AndroidManifest.xml:32:9-44
44        <activity
44-->src\main\AndroidManifest.xml:34:9-39:47
45            android:name="edu.aku.hassannaqvi.tpvics_hh_shrc.ui.list_activity.FormsReportCluster"
45-->src\main\AndroidManifest.xml:35:13-64
46            android:exported="false"
46-->src\main\AndroidManifest.xml:36:13-37
47            android:label="Forms Report"
47-->src\main\AndroidManifest.xml:37:13-41
48            android:screenOrientation="portrait"
48-->src\main\AndroidManifest.xml:38:13-49
49            android:theme="@style/AppTheme" />
49-->src\main\AndroidManifest.xml:39:13-44
50        <activity
50-->src\main\AndroidManifest.xml:40:9-45:47
51            android:name="edu.aku.hassannaqvi.tpvics_hh_shrc.ui.list_activity.FormsReportDate"
51-->src\main\AndroidManifest.xml:41:13-61
52            android:exported="false"
52-->src\main\AndroidManifest.xml:42:13-37
53            android:label="Forms Report"
53-->src\main\AndroidManifest.xml:43:13-41
54            android:screenOrientation="portrait"
54-->src\main\AndroidManifest.xml:44:13-49
55            android:theme="@style/AppTheme" />
55-->src\main\AndroidManifest.xml:45:13-44
56        <activity
56-->src\main\AndroidManifest.xml:46:9-51:47
57            android:name="edu.aku.hassannaqvi.tpvics_hh_shrc.ui.list_activity.PendingFormsActivity"
57-->src\main\AndroidManifest.xml:47:13-66
58            android:exported="false"
58-->src\main\AndroidManifest.xml:48:13-37
59            android:label="Unfinished Forms"
59-->src\main\AndroidManifest.xml:49:13-45
60            android:screenOrientation="portrait"
60-->src\main\AndroidManifest.xml:50:13-49
61            android:theme="@style/AppTheme" />
61-->src\main\AndroidManifest.xml:51:13-44
62        <activity
62-->src\main\AndroidManifest.xml:52:9-55:47
63            android:name="edu.aku.hassannaqvi.tpvics_hh_shrc.ui.sections.SectionSubInfoActivity"
63-->src\main\AndroidManifest.xml:53:13-63
64            android:exported="false"
64-->src\main\AndroidManifest.xml:54:13-37
65            android:theme="@style/AppTheme" />
65-->src\main\AndroidManifest.xml:55:13-44
66        <activity
66-->src\main\AndroidManifest.xml:56:9-60:52
67            android:name="edu.aku.hassannaqvi.tpvics_hh_shrc.ui.sections.SectionCHAActivity"
67-->src\main\AndroidManifest.xml:57:13-59
68            android:exported="false"
68-->src\main\AndroidManifest.xml:58:13-37
69            android:label="@string/ch_title"
69-->src\main\AndroidManifest.xml:59:13-45
70            android:screenOrientation="portrait" />
70-->src\main\AndroidManifest.xml:60:13-49
71        <activity
71-->src\main\AndroidManifest.xml:61:9-65:52
72            android:name="edu.aku.hassannaqvi.tpvics_hh_shrc.ui.sections.SectionCHBActivity"
72-->src\main\AndroidManifest.xml:62:13-59
73            android:exported="false"
73-->src\main\AndroidManifest.xml:63:13-37
74            android:label="@string/chBsec"
74-->src\main\AndroidManifest.xml:64:13-43
75            android:screenOrientation="portrait" />
75-->src\main\AndroidManifest.xml:65:13-49
76        <activity
76-->src\main\AndroidManifest.xml:66:9-70:52
77            android:name="edu.aku.hassannaqvi.tpvics_hh_shrc.ui.sections.SectionCHCActivity"
77-->src\main\AndroidManifest.xml:67:13-59
78            android:exported="false"
78-->src\main\AndroidManifest.xml:68:13-37
79            android:label="@string/chsec"
79-->src\main\AndroidManifest.xml:69:13-42
80            android:screenOrientation="portrait" />
80-->src\main\AndroidManifest.xml:70:13-49
81        <activity
81-->src\main\AndroidManifest.xml:71:9-75:52
82            android:name="edu.aku.hassannaqvi.tpvics_hh_shrc.ui.sections.SectionCHDActivity"
82-->src\main\AndroidManifest.xml:72:13-59
83            android:exported="false"
83-->src\main\AndroidManifest.xml:73:13-37
84            android:label="@string/chsec"
84-->src\main\AndroidManifest.xml:74:13-42
85            android:screenOrientation="portrait" />
85-->src\main\AndroidManifest.xml:75:13-49
86        <activity
86-->src\main\AndroidManifest.xml:76:9-80:52
87            android:name="edu.aku.hassannaqvi.tpvics_hh_shrc.ui.sections.SectionCHEActivity"
87-->src\main\AndroidManifest.xml:77:13-59
88            android:exported="false"
88-->src\main\AndroidManifest.xml:78:13-37
89            android:label="@string/chsec"
89-->src\main\AndroidManifest.xml:79:13-42
90            android:screenOrientation="portrait" />
90-->src\main\AndroidManifest.xml:80:13-49
91        <activity
91-->src\main\AndroidManifest.xml:81:9-85:52
92            android:name="edu.aku.hassannaqvi.tpvics_hh_shrc.ui.sections.SectionSS2Activity"
92-->src\main\AndroidManifest.xml:82:13-59
93            android:exported="false"
93-->src\main\AndroidManifest.xml:83:13-37
94            android:label="@string/sssec"
94-->src\main\AndroidManifest.xml:84:13-42
95            android:screenOrientation="portrait" />
95-->src\main\AndroidManifest.xml:85:13-49
96        <activity
96-->src\main\AndroidManifest.xml:86:9-90:52
97            android:name="edu.aku.hassannaqvi.tpvics_hh_shrc.ui.sections.SectionSS1Activity"
97-->src\main\AndroidManifest.xml:87:13-59
98            android:exported="false"
98-->src\main\AndroidManifest.xml:88:13-37
99            android:label="@string/sssec"
99-->src\main\AndroidManifest.xml:89:13-42
100            android:screenOrientation="portrait" />
100-->src\main\AndroidManifest.xml:90:13-49
101        <activity
101-->src\main\AndroidManifest.xml:91:9-100:20
102            android:name="edu.aku.hassannaqvi.tpvics_hh_shrc.ui.other.SplashscreenActivity"
102-->src\main\AndroidManifest.xml:92:13-58
103            android:screenOrientation="portrait"
103-->src\main\AndroidManifest.xml:93:13-49
104            android:theme="@style/AppTheme" >
104-->src\main\AndroidManifest.xml:94:13-44
105            <intent-filter>
105-->src\main\AndroidManifest.xml:95:13-99:29
106                <action android:name="android.intent.action.MAIN" />
106-->src\main\AndroidManifest.xml:96:17-69
106-->src\main\AndroidManifest.xml:96:25-66
107
108                <category android:name="android.intent.category.LAUNCHER" />
108-->src\main\AndroidManifest.xml:98:17-77
108-->src\main\AndroidManifest.xml:98:27-74
109            </intent-filter>
110        </activity>
111        <activity
111-->src\main\AndroidManifest.xml:101:9-105:47
112            android:name="edu.aku.hassannaqvi.tpvics_hh_shrc.ui.other.LoginActivity"
112-->src\main\AndroidManifest.xml:102:13-51
113            android:exported="false"
113-->src\main\AndroidManifest.xml:103:13-37
114            android:screenOrientation="portrait"
114-->src\main\AndroidManifest.xml:104:13-49
115            android:theme="@style/AppTheme" />
115-->src\main\AndroidManifest.xml:105:13-44
116        <activity
116-->src\main\AndroidManifest.xml:106:9-110:52
117            android:name="edu.aku.hassannaqvi.tpvics_hh_shrc.ui.sections.SectionInfoActivity"
117-->src\main\AndroidManifest.xml:107:13-60
118            android:exported="false"
118-->src\main\AndroidManifest.xml:108:13-37
119            android:label="@string/hhsec"
119-->src\main\AndroidManifest.xml:109:13-42
120            android:screenOrientation="portrait" />
120-->src\main\AndroidManifest.xml:110:13-49
121        <activity
121-->src\main\AndroidManifest.xml:111:9-115:52
122            android:name="edu.aku.hassannaqvi.tpvics_hh_shrc.ui.sections.SectionHHActivity"
122-->src\main\AndroidManifest.xml:112:13-58
123            android:exported="false"
123-->src\main\AndroidManifest.xml:113:13-37
124            android:label="@string/hhsec"
124-->src\main\AndroidManifest.xml:114:13-42
125            android:screenOrientation="portrait" />
125-->src\main\AndroidManifest.xml:115:13-49
126        <activity
126-->src\main\AndroidManifest.xml:116:9-119:52
127            android:name="edu.aku.hassannaqvi.tpvics_hh_shrc.ui.other.EndingActivity"
127-->src\main\AndroidManifest.xml:117:13-52
128            android:exported="false"
128-->src\main\AndroidManifest.xml:118:13-37
129            android:screenOrientation="portrait" />
129-->src\main\AndroidManifest.xml:119:13-49
130        <activity
130-->src\main\AndroidManifest.xml:120:9-123:52
131            android:name="edu.aku.hassannaqvi.tpvics_hh_shrc.ui.other.ChildEndingActivity"
131-->src\main\AndroidManifest.xml:121:13-57
132            android:exported="false"
132-->src\main\AndroidManifest.xml:122:13-37
133            android:screenOrientation="portrait" />
133-->src\main\AndroidManifest.xml:123:13-49
134        <activity
134-->src\main\AndroidManifest.xml:124:9-128:74
135            android:name="edu.aku.hassannaqvi.tpvics_hh_shrc.ui.other.MainActivity"
135-->src\main\AndroidManifest.xml:125:13-50
136            android:exported="false"
136-->src\main\AndroidManifest.xml:126:13-37
137            android:screenOrientation="portrait"
137-->src\main\AndroidManifest.xml:127:13-49
138            android:theme="@style/Theme.AppCompat.Light.DarkActionBar" />
138-->src\main\AndroidManifest.xml:128:13-71
139        <activity
139-->src\main\AndroidManifest.xml:129:9-134:47
140            android:name="edu.aku.hassannaqvi.tpvics_hh_shrc.core.AndroidManager"
140-->src\main\AndroidManifest.xml:130:13-48
141            android:exported="false"
141-->src\main\AndroidManifest.xml:131:13-37
142            android:parentActivityName="edu.aku.hassannaqvi.tpvics_hh_shrc.ui.other.MainActivity"
142-->src\main\AndroidManifest.xml:132:13-64
143            android:screenOrientation="portrait"
143-->src\main\AndroidManifest.xml:133:13-49
144            android:theme="@style/AppTheme" />
144-->src\main\AndroidManifest.xml:134:13-44
145        <activity
145-->src\main\AndroidManifest.xml:135:9-140:47
146            android:name="edu.aku.hassannaqvi.tpvics_hh_shrc.ui.sync.SyncActivity"
146-->src\main\AndroidManifest.xml:136:13-49
147            android:exported="false"
147-->src\main\AndroidManifest.xml:137:13-37
148            android:parentActivityName="edu.aku.hassannaqvi.tpvics_hh_shrc.ui.other.MainActivity"
148-->src\main\AndroidManifest.xml:138:13-64
149            android:screenOrientation="portrait"
149-->src\main\AndroidManifest.xml:139:13-49
150            android:theme="@style/AppTheme" />
150-->src\main\AndroidManifest.xml:140:13-44
151        <activity
151-->src\main\AndroidManifest.xml:141:9-146:59
152            android:name="edu.aku.hassannaqvi.tpvics_hh_shrc.ui.other.TakePhoto"
152-->src\main\AndroidManifest.xml:142:13-47
153            android:exported="false"
153-->src\main\AndroidManifest.xml:143:13-37
154            android:hardwareAccelerated="true"
154-->src\main\AndroidManifest.xml:144:13-47
155            android:label="@string/app_name"
155-->src\main\AndroidManifest.xml:145:13-45
156            android:theme="@style/AppTheme.NoActionBar" />
156-->src\main\AndroidManifest.xml:146:13-56
157
158        <service android:name="edu.aku.hassannaqvi.tpvics_hh_shrc.utils.DownloadFileService" />
158-->src\main\AndroidManifest.xml:148:9-62
158-->src\main\AndroidManifest.xml:148:18-59
159
160        <activity
160-->[com.nabinbhandari.android:permissions:3.8] AndroidManifest.xml:12:9-14:67
161            android:name="com.nabinbhandari.android.permissions.PermissionsActivity"
161-->[com.nabinbhandari.android:permissions:3.8] AndroidManifest.xml:13:13-85
162            android:theme="@style/Permissions.TransparentTheme" />
162-->[com.nabinbhandari.android:permissions:3.8] AndroidManifest.xml:14:13-64
163
164        <provider
164-->[androidx.work:work-runtime:2.5.0] AndroidManifest.xml:31:9-37:35
165            android:name="androidx.work.impl.WorkManagerInitializer"
165-->[androidx.work:work-runtime:2.5.0] AndroidManifest.xml:32:13-69
166            android:authorities="edu.aku.hassannaqvi.tpvics_hh_shrc.workmanager-init"
166-->[androidx.work:work-runtime:2.5.0] AndroidManifest.xml:33:13-68
167            android:directBootAware="false"
167-->[androidx.work:work-runtime:2.5.0] AndroidManifest.xml:34:13-44
168            android:exported="false"
168-->[androidx.work:work-runtime:2.5.0] AndroidManifest.xml:35:13-37
169            android:multiprocess="true" />
169-->[androidx.work:work-runtime:2.5.0] AndroidManifest.xml:36:13-40
170
171        <service
171-->[androidx.work:work-runtime:2.5.0] AndroidManifest.xml:39:9-44:35
172            android:name="androidx.work.impl.background.systemalarm.SystemAlarmService"
172-->[androidx.work:work-runtime:2.5.0] AndroidManifest.xml:40:13-88
173            android:directBootAware="false"
173-->[androidx.work:work-runtime:2.5.0] AndroidManifest.xml:41:13-44
174            android:enabled="@bool/enable_system_alarm_service_default"
174-->[androidx.work:work-runtime:2.5.0] AndroidManifest.xml:42:13-72
175            android:exported="false" />
175-->[androidx.work:work-runtime:2.5.0] AndroidManifest.xml:43:13-37
176        <service
176-->[androidx.work:work-runtime:2.5.0] AndroidManifest.xml:45:9-51:35
177            android:name="androidx.work.impl.background.systemjob.SystemJobService"
177-->[androidx.work:work-runtime:2.5.0] AndroidManifest.xml:46:13-84
178            android:directBootAware="false"
178-->[androidx.work:work-runtime:2.5.0] AndroidManifest.xml:47:13-44
179            android:enabled="@bool/enable_system_job_service_default"
179-->[androidx.work:work-runtime:2.5.0] AndroidManifest.xml:48:13-70
180            android:exported="true"
180-->[androidx.work:work-runtime:2.5.0] AndroidManifest.xml:49:13-36
181            android:permission="android.permission.BIND_JOB_SERVICE" />
181-->[androidx.work:work-runtime:2.5.0] AndroidManifest.xml:50:13-69
182        <service
182-->[androidx.work:work-runtime:2.5.0] AndroidManifest.xml:52:9-57:35
183            android:name="androidx.work.impl.foreground.SystemForegroundService"
183-->[androidx.work:work-runtime:2.5.0] AndroidManifest.xml:53:13-81
184            android:directBootAware="false"
184-->[androidx.work:work-runtime:2.5.0] AndroidManifest.xml:54:13-44
185            android:enabled="@bool/enable_system_foreground_service_default"
185-->[androidx.work:work-runtime:2.5.0] AndroidManifest.xml:55:13-77
186            android:exported="false" />
186-->[androidx.work:work-runtime:2.5.0] AndroidManifest.xml:56:13-37
187
188        <receiver
188-->[androidx.work:work-runtime:2.5.0] AndroidManifest.xml:59:9-64:35
189            android:name="androidx.work.impl.utils.ForceStopRunnable$BroadcastReceiver"
189-->[androidx.work:work-runtime:2.5.0] AndroidManifest.xml:60:13-88
190            android:directBootAware="false"
190-->[androidx.work:work-runtime:2.5.0] AndroidManifest.xml:61:13-44
191            android:enabled="true"
191-->[androidx.work:work-runtime:2.5.0] AndroidManifest.xml:62:13-35
192            android:exported="false" />
192-->[androidx.work:work-runtime:2.5.0] AndroidManifest.xml:63:13-37
193        <receiver
193-->[androidx.work:work-runtime:2.5.0] AndroidManifest.xml:65:9-75:20
194            android:name="androidx.work.impl.background.systemalarm.ConstraintProxy$BatteryChargingProxy"
194-->[androidx.work:work-runtime:2.5.0] AndroidManifest.xml:66:13-106
195            android:directBootAware="false"
195-->[androidx.work:work-runtime:2.5.0] AndroidManifest.xml:67:13-44
196            android:enabled="false"
196-->[androidx.work:work-runtime:2.5.0] AndroidManifest.xml:68:13-36
197            android:exported="false" >
197-->[androidx.work:work-runtime:2.5.0] AndroidManifest.xml:69:13-37
198            <intent-filter>
198-->[androidx.work:work-runtime:2.5.0] AndroidManifest.xml:71:13-74:29
199                <action android:name="android.intent.action.ACTION_POWER_CONNECTED" />
199-->[androidx.work:work-runtime:2.5.0] AndroidManifest.xml:72:17-87
199-->[androidx.work:work-runtime:2.5.0] AndroidManifest.xml:72:25-84
200                <action android:name="android.intent.action.ACTION_POWER_DISCONNECTED" />
200-->[androidx.work:work-runtime:2.5.0] AndroidManifest.xml:73:17-90
200-->[androidx.work:work-runtime:2.5.0] AndroidManifest.xml:73:25-87
201            </intent-filter>
202        </receiver>
203        <receiver
203-->[androidx.work:work-runtime:2.5.0] AndroidManifest.xml:76:9-86:20
204            android:name="androidx.work.impl.background.systemalarm.ConstraintProxy$BatteryNotLowProxy"
204-->[androidx.work:work-runtime:2.5.0] AndroidManifest.xml:77:13-104
205            android:directBootAware="false"
205-->[androidx.work:work-runtime:2.5.0] AndroidManifest.xml:78:13-44
206            android:enabled="false"
206-->[androidx.work:work-runtime:2.5.0] AndroidManifest.xml:79:13-36
207            android:exported="false" >
207-->[androidx.work:work-runtime:2.5.0] AndroidManifest.xml:80:13-37
208            <intent-filter>
208-->[androidx.work:work-runtime:2.5.0] AndroidManifest.xml:82:13-85:29
209                <action android:name="android.intent.action.BATTERY_OKAY" />
209-->[androidx.work:work-runtime:2.5.0] AndroidManifest.xml:83:17-77
209-->[androidx.work:work-runtime:2.5.0] AndroidManifest.xml:83:25-74
210                <action android:name="android.intent.action.BATTERY_LOW" />
210-->[androidx.work:work-runtime:2.5.0] AndroidManifest.xml:84:17-76
210-->[androidx.work:work-runtime:2.5.0] AndroidManifest.xml:84:25-73
211            </intent-filter>
212        </receiver>
213        <receiver
213-->[androidx.work:work-runtime:2.5.0] AndroidManifest.xml:87:9-97:20
214            android:name="androidx.work.impl.background.systemalarm.ConstraintProxy$StorageNotLowProxy"
214-->[androidx.work:work-runtime:2.5.0] AndroidManifest.xml:88:13-104
215            android:directBootAware="false"
215-->[androidx.work:work-runtime:2.5.0] AndroidManifest.xml:89:13-44
216            android:enabled="false"
216-->[androidx.work:work-runtime:2.5.0] AndroidManifest.xml:90:13-36
217            android:exported="false" >
217-->[androidx.work:work-runtime:2.5.0] AndroidManifest.xml:91:13-37
218            <intent-filter>
218-->[androidx.work:work-runtime:2.5.0] AndroidManifest.xml:93:13-96:29
219                <action android:name="android.intent.action.DEVICE_STORAGE_LOW" />
219-->[androidx.work:work-runtime:2.5.0] AndroidManifest.xml:94:17-83
219-->[androidx.work:work-runtime:2.5.0] AndroidManifest.xml:94:25-80
220                <action android:name="android.intent.action.DEVICE_STORAGE_OK" />
220-->[androidx.work:work-runtime:2.5.0] AndroidManifest.xml:95:17-82
220-->[androidx.work:work-runtime:2.5.0] AndroidManifest.xml:95:25-79
221            </intent-filter>
222        </receiver>
223        <receiver
223-->[androidx.work:work-runtime:2.5.0] AndroidManifest.xml:98:9-107:20
224            android:name="androidx.work.impl.background.systemalarm.ConstraintProxy$NetworkStateProxy"
224-->[androidx.work:work-runtime:2.5.0] AndroidManifest.xml:99:13-103
225            android:directBootAware="false"
225-->[androidx.work:work-runtime:2.5.0] AndroidManifest.xml:100:13-44
226            android:enabled="false"
226-->[androidx.work:work-runtime:2.5.0] AndroidManifest.xml:101:13-36
227            android:exported="false" >
227-->[androidx.work:work-runtime:2.5.0] AndroidManifest.xml:102:13-37
228            <intent-filter>
228-->[androidx.work:work-runtime:2.5.0] AndroidManifest.xml:104:13-106:29
229                <action android:name="android.net.conn.CONNECTIVITY_CHANGE" />
229-->[androidx.work:work-runtime:2.5.0] AndroidManifest.xml:105:17-79
229-->[androidx.work:work-runtime:2.5.0] AndroidManifest.xml:105:25-76
230            </intent-filter>
231        </receiver>
232        <receiver
232-->[androidx.work:work-runtime:2.5.0] AndroidManifest.xml:108:9-119:20
233            android:name="androidx.work.impl.background.systemalarm.RescheduleReceiver"
233-->[androidx.work:work-runtime:2.5.0] AndroidManifest.xml:109:13-88
234            android:directBootAware="false"
234-->[androidx.work:work-runtime:2.5.0] AndroidManifest.xml:110:13-44
235            android:enabled="false"
235-->[androidx.work:work-runtime:2.5.0] AndroidManifest.xml:111:13-36
236            android:exported="false" >
236-->[androidx.work:work-runtime:2.5.0] AndroidManifest.xml:112:13-37
237            <intent-filter>
237-->[androidx.work:work-runtime:2.5.0] AndroidManifest.xml:114:13-118:29
238                <action android:name="android.intent.action.BOOT_COMPLETED" />
238-->[androidx.work:work-runtime:2.5.0] AndroidManifest.xml:115:17-79
238-->[androidx.work:work-runtime:2.5.0] AndroidManifest.xml:115:25-76
239                <action android:name="android.intent.action.TIME_SET" />
239-->[androidx.work:work-runtime:2.5.0] AndroidManifest.xml:116:17-73
239-->[androidx.work:work-runtime:2.5.0] AndroidManifest.xml:116:25-70
240                <action android:name="android.intent.action.TIMEZONE_CHANGED" />
240-->[androidx.work:work-runtime:2.5.0] AndroidManifest.xml:117:17-81
240-->[androidx.work:work-runtime:2.5.0] AndroidManifest.xml:117:25-78
241            </intent-filter>
242        </receiver>
243        <receiver
243-->[androidx.work:work-runtime:2.5.0] AndroidManifest.xml:120:9-129:20
244            android:name="androidx.work.impl.background.systemalarm.ConstraintProxyUpdateReceiver"
244-->[androidx.work:work-runtime:2.5.0] AndroidManifest.xml:121:13-99
245            android:directBootAware="false"
245-->[androidx.work:work-runtime:2.5.0] AndroidManifest.xml:122:13-44
246            android:enabled="@bool/enable_system_alarm_service_default"
246-->[androidx.work:work-runtime:2.5.0] AndroidManifest.xml:123:13-72
247            android:exported="false" >
247-->[androidx.work:work-runtime:2.5.0] AndroidManifest.xml:124:13-37
248            <intent-filter>
248-->[androidx.work:work-runtime:2.5.0] AndroidManifest.xml:126:13-128:29
249                <action android:name="androidx.work.impl.background.systemalarm.UpdateProxies" />
249-->[androidx.work:work-runtime:2.5.0] AndroidManifest.xml:127:17-98
249-->[androidx.work:work-runtime:2.5.0] AndroidManifest.xml:127:25-95
250            </intent-filter>
251        </receiver>
252        <receiver
252-->[androidx.work:work-runtime:2.5.0] AndroidManifest.xml:130:9-140:20
253            android:name="androidx.work.impl.diagnostics.DiagnosticsReceiver"
253-->[androidx.work:work-runtime:2.5.0] AndroidManifest.xml:131:13-78
254            android:directBootAware="false"
254-->[androidx.work:work-runtime:2.5.0] AndroidManifest.xml:132:13-44
255            android:enabled="true"
255-->[androidx.work:work-runtime:2.5.0] AndroidManifest.xml:133:13-35
256            android:exported="true"
256-->[androidx.work:work-runtime:2.5.0] AndroidManifest.xml:134:13-36
257            android:permission="android.permission.DUMP" >
257-->[androidx.work:work-runtime:2.5.0] AndroidManifest.xml:135:13-57
258            <intent-filter>
258-->[androidx.work:work-runtime:2.5.0] AndroidManifest.xml:137:13-139:29
259                <action android:name="androidx.work.diagnostics.REQUEST_DIAGNOSTICS" />
259-->[androidx.work:work-runtime:2.5.0] AndroidManifest.xml:138:17-88
259-->[androidx.work:work-runtime:2.5.0] AndroidManifest.xml:138:25-85
260            </intent-filter>
261        </receiver>
262
263        <service
263-->[androidx.room:room-runtime:2.2.5] AndroidManifest.xml:25:9-28:40
264            android:name="androidx.room.MultiInstanceInvalidationService"
264-->[androidx.room:room-runtime:2.2.5] AndroidManifest.xml:26:13-74
265            android:directBootAware="true"
265-->[androidx.room:room-runtime:2.2.5] AndroidManifest.xml:27:13-43
266            android:exported="false" />
266-->[androidx.room:room-runtime:2.2.5] AndroidManifest.xml:28:13-37
267    </application>
268
269</manifest>